<?xml version="1.0" encoding="UTF-8"?>
<!-- Generated by org.testng.reporters.JUnitReportReporter -->
<testsuite hostname="DESKTOP-NF8PPTN" failures="0" tests="1" name="com.qa.lab.selenium.init.CucumberRunnerTest" time="18.531" errors="0" timestamp="17 Apr 2023 06:41:10 GMT" skipped="0">
  <testcase classname="com.qa.lab.selenium.init.CucumberRunnerTest" name="runScenario" time="18.531"/>
</testsuite> <!-- com.qa.lab.selenium.init.CucumberRunnerTest -->
