<?xml version="1.0" encoding="UTF-8"?>
<!-- Generated by org.testng.reporters.JUnitReportReporter -->
<testsuite hostname="DESKTOP-NF8PPTN" failures="0" tests="1" name="com.qa.lab.selenium.init.CucumberRunner" time="12.172" errors="0" timestamp="16 Apr 2023 18:02:01 GMT" skipped="0">
  <testcase classname="com.qa.lab.selenium.init.CucumberRunner" name="runScenario" time="12.172"/>
</testsuite> <!-- com.qa.lab.selenium.init.CucumberRunner -->
