<?xml version="1.0" encoding="UTF-8"?>
<!-- Generated by org.testng.reporters.JUnitReportReporter -->
<testsuite hostname="DESKTOP-NF8PPTN" failures="0" tests="1" name="com.qa.lab.selenium.init.CucumberRunnerTest" time="11.607" errors="0" timestamp="17 Apr 2023 06:25:11 GMT" skipped="0">
  <testcase classname="com.qa.lab.selenium.init.CucumberRunnerTest" name="runScenario" time="11.607"/>
</testsuite> <!-- com.qa.lab.selenium.init.CucumberRunnerTest -->
